2013-07-05T18:38:05.627Z - info: Crawling http://www.basketball-reference.com/players ...
2013-07-05T18:38:08.892Z - info: Successfully crawled page: http://www.basketball-reference.com/players
2013-07-05T18:38:11.571Z - info: Successfully crawled page: http://www.basketball-reference.com/players/e/
2013-07-05T18:38:12.082Z - info: Successfully crawled page: http://www.basketball-reference.com/players/a/
2013-07-05T18:38:12.919Z - info: Successfully crawled page: http://www.basketball-reference.com/players/d/
2013-07-05T18:38:13.911Z - info: Successfully crawled page: http://www.basketball-reference.com/players/c/
2013-07-05T18:38:14.580Z - info: Successfully crawled page: http://www.basketball-reference.com/players/f/
2013-07-05T18:38:15.324Z - info: Successfully crawled page: http://www.basketball-reference.com/players/g/
2013-07-05T18:38:16.699Z - info: Successfully crawled page: http://www.basketball-reference.com/players/b/
2013-07-05T18:38:17.235Z - info: Successfully crawled page: http://www.basketball-reference.com/players/i/
2013-07-05T18:38:18.121Z - info: Successfully crawled page: http://www.basketball-reference.com/players/h/
2013-07-05T18:38:18.912Z - info: Successfully crawled page: http://www.basketball-reference.com/players/k/
2013-07-05T18:38:19.576Z - info: Successfully crawled page: http://www.basketball-reference.com/players/j/
2013-07-05T18:38:20.226Z - info: Successfully crawled page: http://www.basketball-reference.com/players/l/
2013-07-05T18:38:20.593Z - info: Successfully crawled page: http://www.basketball-reference.com/players/n/
2013-07-05T18:38:20.954Z - info: Successfully crawled page: http://www.basketball-reference.com/players/o/
2013-07-05T18:38:21.103Z - info: Successfully crawled page: http://www.basketball-reference.com/players/q/
2013-07-05T18:38:22.329Z - info: Successfully crawled page: http://www.basketball-reference.com/players/m/
2013-07-05T18:38:23.152Z - info: Successfully crawled page: http://www.basketball-reference.com/players/p/
2013-07-05T18:38:23.398Z - info: Successfully crawled page: http://www.basketball-reference.com/players/u/
2013-07-05T18:38:23.978Z - info: Successfully crawled page: http://www.basketball-reference.com/players/r/
2013-07-05T18:38:24.593Z - info: Successfully crawled page: http://www.basketball-reference.com/players/t/
2013-07-05T18:38:24.918Z - info: Successfully crawled page: http://www.basketball-reference.com/players/v/
2013-07-05T18:38:26.104Z - info: Successfully crawled page: http://www.basketball-reference.com/players/s/
2013-07-05T18:38:26.699Z - info: Successfully crawled page: http://www.basketball-reference.com/players/y/
2013-07-05T18:38:26.815Z - info: Successfully crawled page: http://www.basketball-reference.com/players/z/
2013-07-05T18:38:27.631Z - info: Successfully crawled page: http://www.basketball-reference.com/players/w/
2013-07-05T18:38:28.321Z - info: Successfully crawled page: http://www.basketball-reference.com/players/e/eacklle01.html
2013-07-05T18:38:28.329Z - info: Player details: Ledell Eackles, Guard-Forward, University of New Orleans, 1988, 1988
2013-07-05T18:38:28.571Z - info: Successfully crawled page: http://www.basketball-reference.com/players/e/earleed01.html
2013-07-05T18:38:28.577Z - info: Player details: Ed Earle, Forward, Loyola University of Chicago, , 1953
2013-07-05T18:38:29.074Z - info: Successfully crawled page: http://www.basketball-reference.com/players/e/earlac01.html
2013-07-05T18:38:29.082Z - info: Player details: Acie Earl, Forward-Center, University of Iowa, 1993, 1993
2013-07-05T18:38:29.273Z - info: Successfully crawled page: http://www.basketball-reference.com/players/e/earlype01.html
2013-07-05T18:38:29.278Z - info: Player details: Penny Early, Guard, , , 
2013-07-05T18:38:30.269Z - info: Successfully crawled page: http://www.basketball-reference.com/players/e/eakinji01.html
2013-07-05T18:38:30.276Z - info: Player details: Jim Eakins, Center, Brigham Young University, 1968, 1976
2013-07-05T18:38:31.064Z - info: Successfully crawled page: http://www.basketball-reference.com/players/e/ebankde01.html
2013-07-05T18:38:31.071Z - info: Player details: Devin Ebanks, Forward, West Virginia University, 2010, 2010
2013-07-05T18:38:31.629Z - info: Successfully crawled page: http://www.basketball-reference.com/players/e/eavesje01.html
2013-07-05T18:38:31.636Z - info: Player details: Jerry Eaves, Guard, University of Louisville, 1982, 1982
2013-07-05T18:38:32.793Z - info: Successfully crawled page: http://www.basketball-reference.com/players/e/eatonma01.html
2013-07-05T18:38:32.799Z - info: Player details: Mark Eaton, Center, University of California, Los Angeles, 1982, 1982
2013-07-05T18:38:32.973Z - info: Successfully crawled page: http://www.basketball-reference.com/players/e/ebbenbi01.html
2013-07-05T18:38:32.981Z - info: Player details: Bill Ebben, Guard, University of Detroit Mercy, 1957, 1957
2013-07-05T18:38:33.194Z - info: Successfully crawled page: http://www.basketball-reference.com/players/e/ebind01.html
2013-07-05T18:38:33.200Z - info: Player details: Ndudi Ebi, Forward, , 2003, 2003
2013-07-05T18:38:33.521Z - info: Successfully crawled page: http://www.basketball-reference.com/players/e/ebronro01.html
2013-07-05T18:38:33.527Z - info: Player details: Roy Ebron, Center, University of Louisiana at Lafayette, 1974, 
2013-07-05T18:38:33.927Z - info: Successfully crawled page: http://www.basketball-reference.com/players/e/eberhal01.html
2013-07-05T18:38:33.937Z - info: Player details: Al Eberhard, Forward, University of Missouri, 1974, 1974
2013-07-05T18:38:34.483Z - info: Successfully crawled page: http://www.basketball-reference.com/players/e/eddiepa01.html
2013-07-05T18:38:34.489Z - info: Player details: Patrick Eddie, Center, University of Mississippi, , 1991
2013-07-05T18:38:34.755Z - info: Successfully crawled page: http://www.basketball-reference.com/players/e/edelike01.html
2013-07-05T18:38:34.766Z - info: Player details: Kenton Edelin, Forward, University of Virginia, 1984, 1985
2013-07-05T18:38:35.166Z - info: Successfully crawled page: http://www.basketball-reference.com/players/e/edgech01.html
2013-07-05T18:38:35.172Z - info: Player details: Charles Edge, Forward, LeMoyne-Owen College, 1973, 
2013-07-05T18:38:35.676Z - info: Successfully crawled page: http://www.basketball-reference.com/players/e/eddledi01.html
2013-07-05T18:38:35.683Z - info: Player details: Dike Eddleman, Forward-Guard, University of Illinois at Urbana-Champaign, 1949, 1949
2013-07-05T18:38:35.998Z - info: Successfully crawled page: http://www.basketball-reference.com/players/e/edmonbo01.html
2013-07-05T18:38:36.005Z - info: Player details: Bobby Edmonds, Forward, Tennessee State University, , 
2013-07-05T18:38:36.449Z - info: Successfully crawled page: http://www.basketball-reference.com/players/e/edmonke01.html
2013-07-05T18:38:36.455Z - info: Player details: Keith Edmonson, Guard, Purdue University, 1982, 1982
2013-07-05T18:38:36.720Z - info: Successfully crawled page: http://www.basketball-reference.com/players/e/edwarbi01.html
2013-07-05T18:38:36.726Z - info: Player details: Bill Edwards, Forward, Wright State University, , 1994
2013-07-05T18:38:37.325Z - info: Successfully crawled page: http://www.basketball-reference.com/players/e/edneyty01.html
2013-07-05T18:38:37.331Z - info: Player details: Tyus Edney, Guard, University of California, Los Angeles, 1995, 1995
2013-07-05T18:38:37.597Z - info: Successfully crawled page: http://www.basketball-reference.com/players/e/edwarco01.html
2013-07-05T18:38:37.606Z - info: Player details: Corsley Edwards, Forward, Central Connecticut State University, 2002, 2004
2013-07-05T18:38:38.615Z - info: Successfully crawled page: http://www.basketball-reference.com/players/e/edwarbl01.html
2013-07-05T18:38:38.626Z - info: Player details: Blue Edwards, Guard-Forward, East Carolina University, 1989, 1989
